#
# There is insufficient memory for the Java Runtime Environment to continue.
# Native memory allocation (malloc) failed to allocate 151056 bytes for Chunk::new
# Possible reasons:
#   The system is out of physical RAM or swap space
#   In 32 bit mode, the process size limit was hit
# Possible solutions:
#   Reduce memory load on the system
#   Increase physical memory or swap space
#   Check if swap backing store is full
#   Use 64 bit Java on a 64 bit OS
#   Decrease Java heap size (-Xmx/-Xms)
#   Decrease number of Java threads
#   Decrease Java thread stack sizes (-Xss)
#   Set larger code cache with -XX:ReservedCodeCacheSize=
# This output file may be truncated or incomplete.
#
#  Out of Memory Error (allocation.cpp:390), pid=13652, tid=0x0000000000003720
#
# JRE version: Java(TM) SE Runtime Environment (8.0_191-b12) (build 1.8.0_191-b12)
# Java VM: Java HotSpot(TM) 64-Bit Server VM (25.191-b12 mixed mode windows-amd64 compressed oops)
# Failed to write core dump. Minidumps are not enabled by default on client versions of Windows
#

---------------  T H R E A D  ---------------

Current thread (0x0000000018e7f800):  JavaThread "C2 CompilerThread1" daemon [_thread_in_native, id=14112, stack(0x0000000019650000,0x0000000019750000)]

Stack: [0x0000000019650000,0x0000000019750000]
[error occurred during error reporting (printing stack bounds), id 0xc0000005]

Native frames: (J=compiled Java code, j=interpreted, Vv=VM code, C=native code)


Current CompileTask:
C2:   1628 1199   !   4       java.lang.ClassLoader::loadClass (122 bytes)


---------------  P R O C E S S  ---------------

Java Threads: ( => current thread )
  0x0000000018e9a000 JavaThread "Service Thread" daemon [_thread_blocked, id=18072, stack(0x0000000019850000,0x0000000019950000)]
  0x0000000018e81800 JavaThread "C1 CompilerThread2" daemon [_thread_in_vm, id=18728, stack(0x0000000019750000,0x0000000019850000)]
=>0x0000000018e7f800 JavaThread "C2 CompilerThread1" daemon [_thread_in_native, id=14112, stack(0x0000000019650000,0x0000000019750000)]
  0x0000000018e7c800 JavaThread "C2 CompilerThread0" daemon [_thread_in_vm, id=12152, stack(0x0000000019550000,0x0000000019650000)]
  0x0000000018e7b000 JavaThread "Monitor Ctrl-Break" daemon [_thread_in_native, id=7632, stack(0x0000000019450000,0x0000000019550000)]
  0x0000000018e58800 JavaThread "Attach Listener" daemon [_thread_blocked, id=17840, stack(0x0000000019350000,0x0000000019450000)]
  0x0000000017b01000 JavaThread "Signal Dispatcher" daemon [_thread_blocked, id=17924, stack(0x0000000019250000,0x0000000019350000)]
  0x000000000314c800 JavaThread "Finalizer" daemon [_thread_blocked, id=18608, stack(0x0000000018d50000,0x0000000018e50000)]
  0x0000000017ada000 JavaThread "Reference Handler" daemon [_thread_blocked, id=12864, stack(0x0000000018c50000,0x0000000018d50000)]
  0x0000000002b4e000 JavaThread "main" [_thread_in_Java, id=15936, stack(0x0000000002a00000,0x0000000002b00000)]

Other Threads:
  0x0000000017ab7000 VMThread [stack: 0x0000000018b50000,0x0000000018c50000] [id=16156]
  0x0000000018f2e000 WatcherThread [stack: 0x0000000019950000,0x0000000019a50000] [id=13028]

VM state:not at safepoint (normal execution)

VM Mutex/Monitor currently owned by a thread: None

Heap:
 PSYoungGen      total 36864K, used 18997K [0x00000000d6c00000, 0x00000000d9500000, 0x0000000100000000)
  eden space 31744K, 43% used [0x00000000d6c00000,0x00000000d798e380,0x00000000d8b00000)
  from space 5120K, 99% used [0x00000000d9000000,0x00000000d94ff440,0x00000000d9500000)
  to   space 5120K, 0% used [0x00000000d8b00000,0x00000000d8b00000,0x00000000d9000000)
 ParOldGen       total 84992K, used 1390K [0x0000000084400000, 0x0000000089700000, 0x00000000d6c00000)
  object space 84992K, 1% used [0x0000000084400000,0x000000008455b808,0x0000000089700000)
 Metaspace       used 12797K, capacity 13120K, committed 13312K, reserved 1060864K
  class space    used 1627K, capacity 1706K, committed 1792K, reserved 1048576K

Card table byte_map: [0x0000000012510000,0x00000000128f0000] byte_map_base: 0x00000000120ee000

Marking Bits: (ParMarkBitMap*) 0x000000006daf3e30
 Begin Bits: [0x0000000012f90000, 0x0000000014e80000)
 End Bits:   [0x0000000014e80000, 0x0000000016d70000)

Polling page: 0x00000000009f0000

CodeCache: size=245760Kb used=4509Kb max_used=4516Kb free=241250Kb
 bounds [0x0000000003150000, 0x00000000035c0000, 0x0000000012150000]
 total_blobs=1575 nmethods=1258 adapters=229
 compilation: enabled

Compilation events (10 events):
Event: 1.621 Thread 0x0000000018e81800 1246       3       java.lang.System::checkKey (34 bytes)
Event: 1.622 Thread 0x0000000018e81800 nmethod 1246 0x00000000035b17d0 code [0x00000000035b1960, 0x00000000035b1d48]
Event: 1.622 Thread 0x0000000018e81800 1247       3       java.util.concurrent.locks.AbstractQueuedSynchronizer::doReleaseShared (79 bytes)
Event: 1.623 Thread 0x0000000018e81800 nmethod 1247 0x00000000035b0e90 code [0x00000000035b1040, 0x00000000035b1608]
Event: 1.623 Thread 0x0000000018e81800 1248       3       com.google.common.util.concurrent.AbstractFuture$Sync::tryAcquireShared (11 bytes)
Event: 1.623 Thread 0x0000000018e81800 nmethod 1248 0x00000000035b4a10 code [0x00000000035b4b80, 0x00000000035b4ef0]
Event: 1.623 Thread 0x0000000018e81800 1249       3       java.util.AbstractCollection::isEmpty (13 bytes)
Event: 1.623 Thread 0x0000000018e81800 nmethod 1249 0x00000000035b0990 code [0x00000000035b0b00, 0x00000000035b0d68]
Event: 1.623 Thread 0x0000000018e81800 1250       3       com.google.inject.internal.Annotations::findScopeAnnotation (9 bytes)
Event: 1.624 Thread 0x0000000018e81800 nmethod 1250 0x00000000035b4f90 code [0x00000000035b5140, 0x00000000035b56b8]

GC Heap History (4 events):
Event: 0.808 GC heap before
{Heap before GC invocations=1 (full 0):
 PSYoungGen      total 36864K, used 31744K [0x00000000d6c00000, 0x00000000d9500000, 0x0000000100000000)
  eden space 31744K, 100% used [0x00000000d6c00000,0x00000000d8b00000,0x00000000d8b00000)
  from space 5120K, 0% used [0x00000000d9000000,0x00000000d9000000,0x00000000d9500000)
  to   space 5120K, 0% used [0x00000000d8b00000,0x00000000d8b00000,0x00000000d9000000)
 ParOldGen       total 84992K, used 0K [0x0000000084400000, 0x0000000089700000, 0x00000000d6c00000)
  object space 84992K, 0% used [0x0000000084400000,0x0000000084400000,0x0000000089700000)
 Metaspace       used 8055K, capacity 8200K, committed 8320K, reserved 1056768K
  class space    used 997K, capacity 1052K, committed 1152K, reserved 1048576K
Event: 0.815 GC heap after
Heap after GC invocations=1 (full 0):
 PSYoungGen      total 36864K, used 4800K [0x00000000d6c00000, 0x00000000d9500000, 0x0000000100000000)
  eden space 31744K, 0% used [0x00000000d6c00000,0x00000000d6c00000,0x00000000d8b00000)
  from space 5120K, 93% used [0x00000000d8b00000,0x00000000d8fb0088,0x00000000d9000000)
  to   space 5120K, 0% used [0x00000000d9000000,0x00000000d9000000,0x00000000d9500000)
 ParOldGen       total 84992K, used 8K [0x0000000084400000, 0x0000000089700000, 0x00000000d6c00000)
  object space 84992K, 0% used [0x0000000084400000,0x0000000084402000,0x0000000089700000)
 Metaspace       used 8055K, capacity 8200K, committed 8320K, reserved 1056768K
  class space    used 997K, capacity 1052K, committed 1152K, reserved 1048576K
}
Event: 1.360 GC heap before
{Heap before GC invocations=2 (full 0):
 PSYoungGen      total 36864K, used 36544K [0x00000000d6c00000, 0x00000000d9500000, 0x0000000100000000)
  eden space 31744K, 100% used [0x00000000d6c00000,0x00000000d8b00000,0x00000000d8b00000)
  from space 5120K, 93% used [0x00000000d8b00000,0x00000000d8fb0088,0x00000000d9000000)
  to   space 5120K, 0% used [0x00000000d9000000,0x00000000d9000000,0x00000000d9500000)
 ParOldGen       total 84992K, used 8K [0x0000000084400000, 0x0000000089700000, 0x00000000d6c00000)
  object space 84992K, 0% used [0x0000000084400000,0x0000000084402000,0x0000000089700000)
 Metaspace       used 11255K, capacity 11498K, committed 11776K, reserved 1058816K
  class space    used 1401K, capacity 1511K, committed 1536K, reserved 1048576K
Event: 1.367 GC heap after
Heap after GC invocations=2 (full 0):
 PSYoungGen      total 36864K, used 5117K [0x00000000d6c00000, 0x00000000d9500000, 0x0000000100000000)
  eden space 31744K, 0% used [0x00000000d6c00000,0x00000000d6c00000,0x00000000d8b00000)
  from space 5120K, 99% used [0x00000000d9000000,0x00000000d94ff440,0x00000000d9500000)
  to   space 5120K, 0% used [0x00000000d8b00000,0x00000000d8b00000,0x00000000d9000000)
 ParOldGen       total 84992K, used 1390K [0x0000000084400000, 0x0000000089700000, 0x00000000d6c00000)
  object space 84992K, 1% used [0x0000000084400000,0x000000008455b808,0x0000000089700000)
 Metaspace       used 11255K, capacity 11498K, committed 11776K, reserved 1058816K
  class space    used 1401K, capacity 1511K, committed 1536K, reserved 1048576K
}

Deoptimization events (10 events):
Event: 0.692 Thread 0x0000000002b4e000 Uncommon trap: reason=unstable_if action=reinterpret pc=0x000000000339f200 method=java.util.HashMap.getNode(ILjava/lang/Object;)Ljava/util/HashMap$Node; @ 129
Event: 0.701 Thread 0x0000000002b4e000 Uncommon trap: reason=unstable_if action=reinterpret pc=0x0000000003305864 method=org.codehaus.plexus.util.xml.pull.MXParser.more()C @ 8
Event: 0.821 Thread 0x0000000002b4e000 Uncommon trap: reason=unstable_if action=reinterpret pc=0x00000000033fc71c method=org.codehaus.plexus.util.xml.pull.MXParser.nextImpl()I @ 241
Event: 0.848 Thread 0x0000000002b4e000 Uncommon trap: reason=unstable_if action=reinterpret pc=0x00000000034069f4 method=org.codehaus.plexus.util.xml.pull.MXParser.isWhitespace()Z @ 20
Event: 1.004 Thread 0x0000000002b4e000 Uncommon trap: reason=bimorphic action=maybe_recompile pc=0x00000000034879a4 method=java.util.HashMap.putVal(ILjava/lang/Object;Ljava/lang/Object;ZZ)Ljava/lang/Object; @ 203
Event: 1.504 Thread 0x0000000002b4e000 Uncommon trap: reason=bimorphic action=maybe_recompile pc=0x00000000034879a4 method=java.util.HashMap.putVal(ILjava/lang/Object;Ljava/lang/Object;ZZ)Ljava/lang/Object; @ 203
Event: 1.504 Thread 0x0000000002b4e000 Uncommon trap: reason=bimorphic action=maybe_recompile pc=0x00000000034879a4 method=java.util.HashMap.putVal(ILjava/lang/Object;Ljava/lang/Object;ZZ)Ljava/lang/Object; @ 203
Event: 1.574 Thread 0x0000000002b4e000 Uncommon trap: reason=unstable_if action=reinterpret pc=0x00000000034c7484 method=java.util.concurrent.ConcurrentHashMap.putVal(Ljava/lang/Object;Ljava/lang/Object;Z)Ljava/lang/Object; @ 206
Event: 1.604 Thread 0x0000000002b4e000 Uncommon trap: reason=bimorphic action=maybe_recompile pc=0x00000000034879a4 method=java.util.HashMap.putVal(ILjava/lang/Object;Ljava/lang/Object;ZZ)Ljava/lang/Object; @ 203
Event: 1.604 Thread 0x0000000002b4e000 Uncommon trap: reason=bimorphic action=maybe_recompile pc=0x000000000349b034 method=java.util.HashMap.putVal(ILjava/lang/Object;Ljava/lang/Object;ZZ)Ljava/lang/Object; @ 203

Classes redefined (0 events):
No events

Internal exceptions (10 events):
Event: 0.691 Thread 0x0000000002b4e000 Exception <a 'java/lang/ArrayIndexOutOfBoundsException'> (0x00000000d81b6638) thrown at [C:\re\workspace\8-2-build-windows-amd64-cygwin\jdk8u191\11896\hotspot\src\share\vm\runtime\sharedRuntime.cpp, line 605]
Event: 0.692 Thread 0x0000000002b4e000 Exception <a 'java/lang/ArrayIndexOutOfBoundsException'> (0x00000000d81b74a8) thrown at [C:\re\workspace\8-2-build-windows-amd64-cygwin\jdk8u191\11896\hotspot\src\share\vm\runtime\sharedRuntime.cpp, line 605]
Event: 0.692 Thread 0x0000000002b4e000 Exception <a 'java/lang/ArrayIndexOutOfBoundsException'> (0x00000000d81b92c8) thrown at [C:\re\workspace\8-2-build-windows-amd64-cygwin\jdk8u191\11896\hotspot\src\share\vm\runtime\sharedRuntime.cpp, line 605]
Event: 0.692 Thread 0x0000000002b4e000 Exception <a 'java/lang/ArrayIndexOutOfBoundsException'> (0x00000000d81ba8d0) thrown at [C:\re\workspace\8-2-build-windows-amd64-cygwin\jdk8u191\11896\hotspot\src\share\vm\runtime\sharedRuntime.cpp, line 605]
Event: 0.692 Thread 0x0000000002b4e000 Exception <a 'java/lang/ArrayIndexOutOfBoundsException'> (0x00000000d81bc1a8) thrown at [C:\re\workspace\8-2-build-windows-amd64-cygwin\jdk8u191\11896\hotspot\src\share\vm\runtime\sharedRuntime.cpp, line 605]
Event: 0.692 Thread 0x0000000002b4e000 Exception <a 'java/lang/ArrayIndexOutOfBoundsException'> (0x00000000d81bde58) thrown at [C:\re\workspace\8-2-build-windows-amd64-cygwin\jdk8u191\11896\hotspot\src\share\vm\runtime\sharedRuntime.cpp, line 605]
Event: 0.692 Thread 0x0000000002b4e000 Exception <a 'java/lang/ArrayIndexOutOfBoundsException': 100> (0x00000000d81bf598) thrown at [C:\re\workspace\8-2-build-windows-amd64-cygwin\jdk8u191\11896\hotspot\src\share\vm\interpreter\interpreterRuntime.cpp, line 366]
Event: 1.595 Thread 0x0000000002b4e000 Exception <a 'java/lang/NoClassDefFoundError': com/google/inject/servlet/ServletModuleTargetVisitor> (0x00000000d77f0fa0) thrown at [C:\re\workspace\8-2-build-windows-amd64-cygwin\jdk8u191\11896\hotspot\src\share\vm\classfile\systemDictionary.cpp, line 19
Event: 1.595 Thread 0x0000000002b4e000 Exception <a 'java/lang/NoClassDefFoundError'> (0x00000000d77f0fa0) thrown at [C:\re\workspace\8-2-build-windows-amd64-cygwin\jdk8u191\11896\hotspot\src\share\vm\prims\jvm.cpp, line 1439]
Event: 1.595 Thread 0x0000000002b4e000 Exception <a 'java/lang/NoClassDefFoundError': javax/annotation/Priority> (0x00000000d77f5ce0) thrown at [C:\re\workspace\8-2-build-windows-amd64-cygwin\jdk8u191\11896\hotspot\src\share\vm\classfile\systemDictionary.cpp, line 199]

Events (10 events):
Event: 1.619 loading class org/eclipse/sisu/wire/EntryMapAdapter
Event: 1.619 loading class org/eclipse/sisu/wire/EntryMapAdapter done
Event: 1.619 loading class org/eclipse/sisu/wire/EntryMapAdapter$EntrySet
Event: 1.619 loading class org/eclipse/sisu/wire/EntryMapAdapter$EntrySet done
Event: 1.624 loading class org/codehaus/plexus/interpolation/StringSearchInterpolator
Event: 1.624 loading class org/codehaus/plexus/interpolation/StringSearchInterpolator done
Event: 1.624 loading class org/codehaus/plexus/interpolation/InterpolationCycleException
Event: 1.624 loading class org/codehaus/plexus/interpolation/InterpolationCycleException done
Event: 1.625 loading class org/codehaus/plexus/interpolation/PrefixAwareRecursionInterceptor
Event: 1.625 loading class org/codehaus/plexus/interpolation/PrefixAwareRecursionInterceptor done


Dynamic libraries:
0x00007ff6c2400000 - 0x00007ff6c2437000 	D:\workesoft\jdk\bin\java.exe
0x00007ff9b0a60000 - 0x00007ff9b0c50000 	C:\WINDOWS\SYSTEM32\ntdll.dll
0x00007ff9b0080000 - 0x00007ff9b0132000 	C:\WINDOWS\System32\KERNEL32.DLL
0x00007ff9ae320000 - 0x00007ff9ae5c3000 	C:\WINDOWS\System32\KERNELBASE.dll
0x00007ff9b01c0000 - 0x00007ff9b0263000 	C:\WINDOWS\System32\ADVAPI32.dll
0x00007ff9afb80000 - 0x00007ff9afc1e000 	C:\WINDOWS\System32\msvcrt.dll
0x00007ff9aed20000 - 0x00007ff9aedb7000 	C:\WINDOWS\System32\sechost.dll
0x00007ff9b0900000 - 0x00007ff9b0a20000 	C:\WINDOWS\System32\RPCRT4.dll
0x00007ff9b0760000 - 0x00007ff9b08f4000 	C:\WINDOWS\System32\USER32.dll
0x00007ff9ad9f0000 - 0x00007ff9ada11000 	C:\WINDOWS\System32\win32u.dll
0x00007ff9b0050000 - 0x00007ff9b0076000 	C:\WINDOWS\System32\GDI32.dll
0x00007ff9ae970000 - 0x00007ff9aeb04000 	C:\WINDOWS\System32\gdi32full.dll
0x00007ff9ae8d0000 - 0x00007ff9ae96e000 	C:\WINDOWS\System32\msvcp_win.dll
0x00007ff9ae220000 - 0x00007ff9ae31a000 	C:\WINDOWS\System32\ucrtbase.dll
0x00007ff9a0830000 - 0x00007ff9a0ab5000 	C:\WINDOWS\WinSxS\amd64_microsoft.windows.common-controls_6595b64144ccf1df_6.0.18362.418_none_e6c6b287130d565d\COMCTL32.dll
0x00007ff9af0b0000 - 0x00007ff9af3e6000 	C:\WINDOWS\System32\combase.dll
0x00007ff9ae6b0000 - 0x00007ff9ae730000 	C:\WINDOWS\System32\bcryptPrimitives.dll
0x00007ff9afe70000 - 0x00007ff9afe9e000 	C:\WINDOWS\System32\IMM32.DLL
0x000000006dd80000 - 0x000000006de52000 	D:\workesoft\jdk\jre\bin\msvcr100.dll
0x000000006d2d0000 - 0x000000006db74000 	D:\workesoft\jdk\jre\bin\server\jvm.dll
0x00007ff9b0270000 - 0x00007ff9b0278000 	C:\WINDOWS\System32\PSAPI.DLL
0x00007ff9a42f0000 - 0x00007ff9a4314000 	C:\WINDOWS\SYSTEM32\WINMM.dll
0x00007ff9a69d0000 - 0x00007ff9a69da000 	C:\WINDOWS\SYSTEM32\VERSION.dll
0x00007ff9a3f60000 - 0x00007ff9a3f8d000 	C:\WINDOWS\SYSTEM32\WINMMBASE.dll
0x00007ff9ae880000 - 0x00007ff9ae8ca000 	C:\WINDOWS\System32\cfgmgr32.dll
0x00007ff99e100000 - 0x00007ff99e109000 	C:\WINDOWS\SYSTEM32\WSOCK32.dll
0x00007ff9b0280000 - 0x00007ff9b02ef000 	C:\WINDOWS\System32\WS2_32.dll
0x000000006fe20000 - 0x000000006fe2f000 	D:\workesoft\jdk\jre\bin\verify.dll
0x000000006dd50000 - 0x000000006dd79000 	D:\workesoft\jdk\jre\bin\java.dll
0x000000006dd20000 - 0x000000006dd43000 	D:\workesoft\jdk\jre\bin\instrument.dll
0x000000006dd00000 - 0x000000006dd16000 	D:\workesoft\jdk\jre\bin\zip.dll
0x00007ff9af410000 - 0x00007ff9afaf5000 	C:\WINDOWS\System32\SHELL32.dll
0x00007ff9aeb10000 - 0x00007ff9aebb9000 	C:\WINDOWS\System32\shcore.dll
0x00007ff9ada20000 - 0x00007ff9ae19f000 	C:\WINDOWS\System32\windows.storage.dll
0x00007ff9ad990000 - 0x00007ff9ad9af000 	C:\WINDOWS\System32\profapi.dll
0x00007ff9ad940000 - 0x00007ff9ad98a000 	C:\WINDOWS\System32\powrprof.dll
0x00007ff9ad930000 - 0x00007ff9ad940000 	C:\WINDOWS\System32\UMPDC.dll
0x00007ff9af050000 - 0x00007ff9af0a2000 	C:\WINDOWS\System32\shlwapi.dll
0x00007ff9ad9d0000 - 0x00007ff9ad9e1000 	C:\WINDOWS\System32\kernel.appcore.dll
0x00007ff9ae1a0000 - 0x00007ff9ae1b7000 	C:\WINDOWS\System32\cryptsp.dll
0x00007ff9aa2b0000 - 0x00007ff9aa2ca000 	D:\workesoft\idea\IntelliJ IDEA 2018.3.1\bin\breakgen64.dll
0x000000006dbf0000 - 0x000000006dc0a000 	D:\workesoft\jdk\jre\bin\net.dll
0x00007ff9ad140000 - 0x00007ff9ad1a7000 	C:\WINDOWS\system32\mswsock.dll

VM Arguments:
jvm_args: -Dmaven.multiModuleProjectDirectory=C:\Users\jcdz\Desktop\auto-mail -Dmaven.home=D:\workesoft\idea\IntelliJ IDEA 2018.3.1\plugins\maven\lib\maven3 -Dclassworlds.conf=D:\workesoft\idea\IntelliJ IDEA 2018.3.1\plugins\maven\lib\maven3\bin\m2.conf -javaagent:D:\workesoft\idea\IntelliJ IDEA 2018.3.1\lib\idea_rt.jar=58449:D:\workesoft\idea\IntelliJ IDEA 2018.3.1\bin -Dfile.encoding=UTF-8 
java_command: org.codehaus.classworlds.Launcher -Didea.version=2018.3.1 -s D:\workesoft\maven\apache-maven-3.6.0\conf\settings.xml clean
java_class_path (initial): D:\workesoft\idea\IntelliJ IDEA 2018.3.1\plugins\maven\lib\maven3\boot\plexus-classworlds-2.5.2.jar;D:\workesoft\idea\IntelliJ IDEA 2018.3.1\lib\idea_rt.jar
Launcher Type: SUN_STANDARD

Environment Variables:
JAVA_HOME=D:\workesoft\jdk
PATH=C:\WINDOWS\system32;C:\WINDOWS;C:\WINDOWS\System32\Wbem;C:\WINDOWS\System32\WindowsPowerShell\v1.0\;C:\Program Files\IDM Computer Solutions\UltraEdit;D:\workesoft\maven\apache-maven-3.6.0\bin;D:\workerspace\scala\bin;D:\workesoft\jdk\bin;;C:\WINDOWS\System32\OpenSSH\;C:\Users\jcdz\AppData\Local\Microsoft\WindowsApps;C:\Users\jcdz\AppData\Roaming\npm;
USERNAME=jcdz
OS=Windows_NT
PROCESSOR_IDENTIFIER=Intel64 Family 6 Model 78 Stepping 3, GenuineIntel



---------------  S Y S T E M  ---------------

OS: Windows 10.0 , 64 bit Build 18362 (10.0.18362.329)

CPU:total 4 (initial active 4) (2 cores per cpu, 2 threads per core) family 6 model 78 stepping 3, cmov, cx8, fxsr, mmx, sse, sse2, sse3, ssse3, sse4.1, sse4.2, popcnt, avx, avx2, aes, clmul, erms, 3dnowpref, lzcnt, ht, tsc, tscinvbit, bmi1, bmi2, adx

Memory: 4k page, physical 8102284k(1402852k free), swap 21209480k(5236k free)

vm_info: Java HotSpot(TM) 64-Bit Server VM (25.191-b12) for windows-amd64 JRE (1.8.0_191-b12), built on Oct  6 2018 09:29:03 by "java_re" with MS VC++ 10.0 (VS2010)

time: Wed Oct 23 14:13:40 2019
elapsed time: 1 seconds (0d 0h 0m 1s)

